<?xml version="1.0" encoding="UTF-8"?>
<testsuite xmlns:xsi="http://www.w3.org/2001/XMLSchema-instance" xsi:noNamespaceSchemaLocation="https://maven.apache.org/surefire/maven-surefire-plugin/xsd/surefire-test-report.xsd" name="util.ReadCsvFileTest" time="1.221" tests="12" errors="0" skipped="0" failures="0">
  <properties>
    <property name="java.specification.version" value="13"/>
    <property name="sun.jnu.encoding" value="UTF-8"/>
    <property name="java.class.path" value="/Users/hugo/eclipse-all-workspace/Projetos/com.simples-nacional/target/test-classes:/Users/hugo/eclipse-all-workspace/Projetos/com.simples-nacional/target/classes:/Users/hugo/.m2/repository/org/junit/jupiter/junit-jupiter-api/5.6.0/junit-jupiter-api-5.6.0.jar:/Users/hugo/.m2/repository/org/apiguardian/apiguardian-api/1.1.0/apiguardian-api-1.1.0.jar:/Users/hugo/.m2/repository/org/opentest4j/opentest4j/1.2.0/opentest4j-1.2.0.jar:/Users/hugo/.m2/repository/org/junit/platform/junit-platform-commons/1.6.0/junit-platform-commons-1.6.0.jar:/Users/hugo/.m2/repository/org/junit/jupiter/junit-jupiter-engine/5.6.0/junit-jupiter-engine-5.6.0.jar:/Users/hugo/.m2/repository/org/junit/platform/junit-platform-engine/1.6.0/junit-platform-engine-1.6.0.jar:/Users/hugo/.m2/repository/org/mockito/mockito-core/3.3.3/mockito-core-3.3.3.jar:/Users/hugo/.m2/repository/net/bytebuddy/byte-buddy/1.10.5/byte-buddy-1.10.5.jar:/Users/hugo/.m2/repository/net/bytebuddy/byte-buddy-agent/1.10.5/byte-buddy-agent-1.10.5.jar:/Users/hugo/.m2/repository/org/objenesis/objenesis/2.6/objenesis-2.6.jar:/Users/hugo/.m2/repository/org/mockito/mockito-junit-jupiter/3.3.3/mockito-junit-jupiter-3.3.3.jar:"/>
    <property name="java.vm.vendor" value="Oracle Corporation"/>
    <property name="sun.arch.data.model" value="64"/>
    <property name="java.vendor.url" value="https://openjdk.java.net/"/>
    <property name="os.name" value="Mac OS X"/>
    <property name="java.vm.specification.version" value="13"/>
    <property name="sun.java.launcher" value="SUN_STANDARD"/>
    <property name="user.country" value="BR"/>
    <property name="sun.boot.library.path" value="/usr/local/Cellar/openjdk/13.0.2+8_2/libexec/openjdk.jdk/Contents/Home/lib"/>
    <property name="sun.java.command" value="/Users/hugo/eclipse-all-workspace/Projetos/com.simples-nacional/target/surefire/surefirebooter10920727690873862752.jar /Users/hugo/eclipse-all-workspace/Projetos/com.simples-nacional/target/surefire 2020-04-16T16-43-37_399-jvmRun1 surefire7634678357265489052tmp surefire_011184672746513042239tmp"/>
    <property name="http.nonProxyHosts" value="local|*.local|169.254/16|*.169.254/16"/>
    <property name="jdk.debug" value="release"/>
    <property name="surefire.test.class.path" value="/Users/hugo/eclipse-all-workspace/Projetos/com.simples-nacional/target/test-classes:/Users/hugo/eclipse-all-workspace/Projetos/com.simples-nacional/target/classes:/Users/hugo/.m2/repository/org/junit/jupiter/junit-jupiter-api/5.6.0/junit-jupiter-api-5.6.0.jar:/Users/hugo/.m2/repository/org/apiguardian/apiguardian-api/1.1.0/apiguardian-api-1.1.0.jar:/Users/hugo/.m2/repository/org/opentest4j/opentest4j/1.2.0/opentest4j-1.2.0.jar:/Users/hugo/.m2/repository/org/junit/platform/junit-platform-commons/1.6.0/junit-platform-commons-1.6.0.jar:/Users/hugo/.m2/repository/org/junit/jupiter/junit-jupiter-engine/5.6.0/junit-jupiter-engine-5.6.0.jar:/Users/hugo/.m2/repository/org/junit/platform/junit-platform-engine/1.6.0/junit-platform-engine-1.6.0.jar:/Users/hugo/.m2/repository/org/mockito/mockito-core/3.3.3/mockito-core-3.3.3.jar:/Users/hugo/.m2/repository/net/bytebuddy/byte-buddy/1.10.5/byte-buddy-1.10.5.jar:/Users/hugo/.m2/repository/net/bytebuddy/byte-buddy-agent/1.10.5/byte-buddy-agent-1.10.5.jar:/Users/hugo/.m2/repository/org/objenesis/objenesis/2.6/objenesis-2.6.jar:/Users/hugo/.m2/repository/org/mockito/mockito-junit-jupiter/3.3.3/mockito-junit-jupiter-3.3.3.jar:"/>
    <property name="sun.cpu.endian" value="little"/>
    <property name="user.home" value="/Users/hugo"/>
    <property name="user.language" value="pt"/>
    <property name="java.specification.vendor" value="Oracle Corporation"/>
    <property name="java.version.date" value="2020-01-14"/>
    <property name="java.home" value="/usr/local/Cellar/openjdk/13.0.2+8_2/libexec/openjdk.jdk/Contents/Home"/>
    <property name="file.separator" value="/"/>
    <property name="basedir" value="/Users/hugo/eclipse-all-workspace/Projetos/com.simples-nacional"/>
    <property name="java.vm.compressedOopsMode" value="Zero based"/>
    <property name="line.separator" value="&#10;"/>
    <property name="java.specification.name" value="Java Platform API Specification"/>
    <property name="java.vm.specification.vendor" value="Oracle Corporation"/>
    <property name="surefire.real.class.path" value="/Users/hugo/eclipse-all-workspace/Projetos/com.simples-nacional/target/surefire/surefirebooter10920727690873862752.jar"/>
    <property name="sun.management.compiler" value="HotSpot 64-Bit Tiered Compilers"/>
    <property name="ftp.nonProxyHosts" value="local|*.local|169.254/16|*.169.254/16"/>
    <property name="java.runtime.version" value="13.0.2+8"/>
    <property name="user.name" value="hugo"/>
    <property name="path.separator" value=":"/>
    <property name="os.version" value="10.15.3"/>
    <property name="java.runtime.name" value="OpenJDK Runtime Environment"/>
    <property name="file.encoding" value="UTF-8"/>
    <property name="java.vm.name" value="OpenJDK 64-Bit Server VM"/>
    <property name="localRepository" value="/Users/hugo/.m2/repository"/>
    <property name="java.vendor.url.bug" value="https://bugreport.java.com/bugreport/"/>
    <property name="java.io.tmpdir" value="/var/folders/pf/jhnypyns0pl_sftgl8xvfpjm0000gn/T/"/>
    <property name="java.version" value="13.0.2"/>
    <property name="user.dir" value="/Users/hugo/eclipse-all-workspace/Projetos/com.simples-nacional"/>
    <property name="os.arch" value="x86_64"/>
    <property name="java.vm.specification.name" value="Java Virtual Machine Specification"/>
    <property name="java.library.path" value="/Users/hugo/Library/Java/Extensions:/Library/Java/Extensions:/Network/Library/Java/Extensions:/System/Library/Java/Extensions:/usr/lib/java:."/>
    <property name="java.vm.info" value="mixed mode, sharing"/>
    <property name="java.vendor" value="N/A"/>
    <property name="java.vm.version" value="13.0.2+8"/>
    <property name="sun.io.unicode.encoding" value="UnicodeBig"/>
    <property name="socksNonProxyHosts" value="local|*.local|169.254/16|*.169.254/16"/>
    <property name="java.class.version" value="57.0"/>
  </properties>
  <testcase name="deveriaRetornarUmaListaDeNotas" classname="util.ReadCsvFileTest" time="1.064"/>
  <testcase name="test_anexoII" classname="util.ReadCsvFileTest$setAnexos" time="0.022"/>
  <testcase name="test_anexoIV" classname="util.ReadCsvFileTest$setAnexos" time="0.007"/>
  <testcase name="test_anexoIII" classname="util.ReadCsvFileTest$setAnexos" time="0.006"/>
  <testcase name="test_anexoI" classname="util.ReadCsvFileTest$setAnexos" time="0.004"/>
  <testcase name="test_anexoV" classname="util.ReadCsvFileTest$setAnexos" time="0.004"/>
  <testcase name="deveriaJogarExceçãoSeArquivoNaoExiste" classname="util.ReadCsvFileTest$throwException" time="0.004"/>
  <testcase name="test_arquivoVazio" classname="util.ReadCsvFileTest$throwException" time="0.004"/>
  <testcase name="test_lancarExcecaoSeDataEstiverMalFormata" classname="util.ReadCsvFileTest$throwException$dataIncorreta" time="0.029"/>
  <testcase name="test_lancarExcecaoSeValorEstiverFaltandoSimboloR$" classname="util.ReadCsvFileTest$throwException$valorIncorreto" time="0.004"/>
  <testcase name="test_lancarExcecaoSeValorEstiverFaltandoFormatado" classname="util.ReadCsvFileTest$throwException$valorIncorreto" time="0.005"/>
  <testcase name="test_lancarExcecaoSeValorEstiverMalFormatado" classname="util.ReadCsvFileTest$throwException$valorIncorreto" time="0.005"/>
</testsuite>